#
# There is insufficient memory for the Java Runtime Environment to continue.
# Native memory allocation (mmap) failed to map 266338304 bytes for G1 virtual space
# Possible reasons:
#   The system is out of physical RAM or swap space
#   The process is running with CompressedOops enabled, and the Java Heap may be blocking the growth of the native heap
# Possible solutions:
#   Reduce memory load on the system
#   Increase physical memory or swap space
#   Check if swap backing store is full
#   Decrease Java heap size (-Xmx/-Xms)
#   Decrease number of Java threads
#   Decrease Java thread stack sizes (-Xss)
#   Set larger code cache with -XX:ReservedCodeCacheSize=
#   JVM is running with Zero Based Compressed Oops mode in which the Java heap is
#     placed in the first 32GB address space. The Java Heap base address is the
#     maximum limit for the native heap growth. Please use -XX:HeapBaseMinAddress
#     to set the Java Heap base and to place the Java Heap above 32GB virtual address.
# This output file may be truncated or incomplete.
#
#  Out of Memory Error (os_windows.cpp:3466), pid=47592, tid=61520
#
# JRE version:  (16.0.1+9) (build )
# Java VM: OpenJDK 64-Bit Server VM (16.0.1+9-24, mixed mode, sharing, tiered, compressed oops, compressed class ptrs, g1 gc, windows-amd64)
# No core dump will be written. Minidumps are not enabled by default on client versions of Windows
#

---------------  S U M M A R Y ------------

Command Line: -javaagent:C:\Users\xorca\eclipse\java-2021-06\eclipse\configuration\org.eclipse.osgi\728\0\.cp\jacocoagent.jar=includes=*,excludes=,exclclassloader=sun.reflect.DelegatingClassLoader,output=tcpclient,port=51091 -Dfile.encoding=Cp1252 --module-path=C:\Users\xorca\eclipse-workspace\Tic-Tac-Toe\bin -XX:+ShowCodeDetailsInExceptionMessages -Djdk.module.main=Model Model/Game.Start

Host: Intel(R) Core(TM) i7-10750H CPU @ 2.60GHz, 12 cores, 15G,  Windows 10 , 64 bit Build 22000 (10.0.22000.708)
Time: Thu Nov  3 22:41:19 2022 Mitteleuropäische Zeit elapsed time: 0.008883 seconds (0d 0h 0m 0s)

---------------  T H R E A D  ---------------

Current thread (0x0000022925e657a0):  JavaThread "Unknown thread" [_thread_in_vm, id=61520, stack(0x000000d63a800000,0x000000d63a900000)]

Stack: [0x000000d63a800000,0x000000d63a900000]
Native frames: (J=compiled Java code, j=interpreted, Vv=VM code, C=native code)
V  [jvm.dll+0x6687ca]
V  [jvm.dll+0x7ca3c9]
V  [jvm.dll+0x7cbb53]
V  [jvm.dll+0x7cc1b3]
V  [jvm.dll+0x242ea5]
V  [jvm.dll+0x665589]
V  [jvm.dll+0x65a175]
V  [jvm.dll+0x2fc5ab]
V  [jvm.dll+0x3037a6]
V  [jvm.dll+0x352fee]
V  [jvm.dll+0x35321f]
V  [jvm.dll+0x2d3618]
V  [jvm.dll+0x2d4854]
V  [jvm.dll+0x79ccb1]
V  [jvm.dll+0x360de1]
V  [jvm.dll+0x77a990]
V  [jvm.dll+0x3e55af]
V  [jvm.dll+0x3e7081]
C  [jli.dll+0x52fb]
C  [ucrtbase.dll+0x26c0c]
C  [KERNEL32.DLL+0x154e0]
C  [ntdll.dll+0x485b]


---------------  P R O C E S S  ---------------

Threads class SMR info:
_java_thread_list=0x00007ffd73a9cbb8, length=0, elements={
}

Java Threads: ( => current thread )

Other Threads:
  0x0000022925eb2170 GCTaskThread "GC Thread#0" [stack: 0x000000d63a900000,0x000000d63aa00000] [id=62068]
  0x0000022923b9df30 ConcurrentGCThread "G1 Main Marker" [stack: 0x000000d63aa00000,0x000000d63ab00000] [id=59420]
  0x0000022923b9e840 ConcurrentGCThread "G1 Conc#0" [stack: 0x000000d63ab00000,0x000000d63ac00000] [id=61324]

[error occurred during error reporting (printing all threads), id 0xc0000005, EXCEPTION_ACCESS_VIOLATION (0xc0000005) at pc=0x00007ffd732744d7]

VM state: not at safepoint (not fully initialized)

VM Mutex/Monitor currently owned by a thread:  ([mutex/lock_event])
[0x0000022925e60c60] Heap_lock - owner thread: 0x0000022925e657a0

Heap address: 0x0000000702c00000, size: 4052 MB, Compressed Oops mode: Zero based, Oop shift amount: 3

CDS archive(s) mapped at: [0x0000000000000000-0x0000000000000000-0x0000000000000000), size 0, SharedBaseAddress: 0x0000000800000000, ArchiveRelocationMode: 0.
Narrow klass base: 0x0000000000000000, Narrow klass shift: 0, Narrow klass range: 0x0

GC Precious Log:
<Empty>

Heap:
 garbage-first heap   total 0K, used 0K [0x0000000702c00000, 0x0000000800000000)
  region size 2048K, 0 young (0K), 0 survivors (0K)

[error occurred during error reporting (printing heap information), id 0xc0000005, EXCEPTION_ACCESS_VIOLATION (0xc0000005) at pc=0x00007ffd736524ed]

GC Heap History (0 events):
No events

Deoptimization events (0 events):
No events

Classes unloaded (0 events):
No events

Classes redefined (0 events):
No events

Internal exceptions (0 events):
No events

Events (1 events):
Event: 0.006 Loaded shared library C:\Users\xorca\.p2\pool\plugins\org.eclipse.justj.openjdk.hotspot.jre.full.win32.x86_64_16.0.1.v20210528-1205\jre\bin\java.dll


Dynamic libraries:
0x00007ff72d780000 - 0x00007ff72d78e000 	C:\Users\xorca\.p2\pool\plugins\org.eclipse.justj.openjdk.hotspot.jre.full.win32.x86_64_16.0.1.v20210528-1205\jre\bin\javaw.exe
0x00007ffdf8220000 - 0x00007ffdf8429000 	C:\WINDOWS\SYSTEM32\ntdll.dll
0x00007ffdf7030000 - 0x00007ffdf70ed000 	C:\WINDOWS\System32\KERNEL32.DLL
0x00007ffdf5b40000 - 0x00007ffdf5ebb000 	C:\WINDOWS\System32\KERNELBASE.dll
0x00007ffdf5a20000 - 0x00007ffdf5b31000 	C:\WINDOWS\System32\ucrtbase.dll
0x00007ffddd320000 - 0x00007ffddd339000 	C:\Users\xorca\.p2\pool\plugins\org.eclipse.justj.openjdk.hotspot.jre.full.win32.x86_64_16.0.1.v20210528-1205\jre\bin\VCRUNTIME140.dll
0x00007ffddd340000 - 0x00007ffddd358000 	C:\Users\xorca\.p2\pool\plugins\org.eclipse.justj.openjdk.hotspot.jre.full.win32.x86_64_16.0.1.v20210528-1205\jre\bin\jli.dll
0x00007ffdf7220000 - 0x00007ffdf73cd000 	C:\WINDOWS\System32\USER32.dll
0x00007ffdf59f0000 - 0x00007ffdf5a16000 	C:\WINDOWS\System32\win32u.dll
0x00007ffde9d90000 - 0x00007ffdea035000 	C:\WINDOWS\WinSxS\amd64_microsoft.windows.common-controls_6595b64144ccf1df_6.0.22000.120_none_9d947278b86cc467\COMCTL32.dll
0x00007ffdf74f0000 - 0x00007ffdf7519000 	C:\WINDOWS\System32\GDI32.dll
0x00007ffdf6ba0000 - 0x00007ffdf6c43000 	C:\WINDOWS\System32\msvcrt.dll
0x00007ffdf56f0000 - 0x00007ffdf5808000 	C:\WINDOWS\System32\gdi32full.dll
0x00007ffdf5950000 - 0x00007ffdf59ed000 	C:\WINDOWS\System32\msvcp_win.dll
0x00007ffdf7910000 - 0x00007ffdf7941000 	C:\WINDOWS\System32\IMM32.DLL
0x00007ffde2940000 - 0x00007ffde294c000 	C:\Users\xorca\.p2\pool\plugins\org.eclipse.justj.openjdk.hotspot.jre.full.win32.x86_64_16.0.1.v20210528-1205\jre\bin\vcruntime140_1.dll
0x00007ffdafc60000 - 0x00007ffdafcf1000 	C:\Users\xorca\.p2\pool\plugins\org.eclipse.justj.openjdk.hotspot.jre.full.win32.x86_64_16.0.1.v20210528-1205\jre\bin\msvcp140.dll
0x00007ffd72f90000 - 0x00007ffd73b3b000 	C:\Users\xorca\.p2\pool\plugins\org.eclipse.justj.openjdk.hotspot.jre.full.win32.x86_64_16.0.1.v20210528-1205\jre\bin\server\jvm.dll
0x00007ffdf6ae0000 - 0x00007ffdf6b8e000 	C:\WINDOWS\System32\ADVAPI32.dll
0x00007ffdf6db0000 - 0x00007ffdf6e4e000 	C:\WINDOWS\System32\sechost.dll
0x00007ffdf76a0000 - 0x00007ffdf77c0000 	C:\WINDOWS\System32\RPCRT4.dll
0x00007ffdf7020000 - 0x00007ffdf7028000 	C:\WINDOWS\System32\PSAPI.DLL
0x00007ffdf06d0000 - 0x00007ffdf0703000 	C:\WINDOWS\SYSTEM32\WINMM.dll
0x00007ffde3700000 - 0x00007ffde3709000 	C:\WINDOWS\SYSTEM32\WSOCK32.dll
0x00007ffdef970000 - 0x00007ffdef97a000 	C:\WINDOWS\SYSTEM32\VERSION.dll
0x00007ffdf6a70000 - 0x00007ffdf6adf000 	C:\WINDOWS\System32\WS2_32.dll
0x00007ffdf4860000 - 0x00007ffdf4878000 	C:\WINDOWS\SYSTEM32\kernel.appcore.dll
0x00007ffdf0f40000 - 0x00007ffdf0f4a000 	C:\Users\xorca\.p2\pool\plugins\org.eclipse.justj.openjdk.hotspot.jre.full.win32.x86_64_16.0.1.v20210528-1205\jre\bin\jimage.dll
0x00007ffdeed00000 - 0x00007ffdeef21000 	C:\WINDOWS\SYSTEM32\DBGHELP.DLL
0x00007ffdeebf0000 - 0x00007ffdeec21000 	C:\WINDOWS\SYSTEM32\dbgcore.DLL
0x00007ffdf5810000 - 0x00007ffdf588f000 	C:\WINDOWS\System32\bcryptPrimitives.dll
0x00007ffde6aa0000 - 0x00007ffde6aae000 	C:\Users\xorca\.p2\pool\plugins\org.eclipse.justj.openjdk.hotspot.jre.full.win32.x86_64_16.0.1.v20210528-1205\jre\bin\instrument.dll
0x00007ffdcb700000 - 0x00007ffdcb725000 	C:\Users\xorca\.p2\pool\plugins\org.eclipse.justj.openjdk.hotspot.jre.full.win32.x86_64_16.0.1.v20210528-1205\jre\bin\java.dll

dbghelp: loaded successfully - version: 4.0.5 - missing functions: none
symbol engine: initialized successfully - sym options: 0x614 - pdb path: .;C:\Users\xorca\.p2\pool\plugins\org.eclipse.justj.openjdk.hotspot.jre.full.win32.x86_64_16.0.1.v20210528-1205\jre\bin;C:\WINDOWS\SYSTEM32;C:\WINDOWS\WinSxS\amd64_microsoft.windows.common-controls_6595b64144ccf1df_6.0.22000.120_none_9d947278b86cc467;C:\Users\xorca\.p2\pool\plugins\org.eclipse.justj.openjdk.hotspot.jre.full.win32.x86_64_16.0.1.v20210528-1205\jre\bin\server

VM Arguments:
jvm_args: -javaagent:C:\Users\xorca\eclipse\java-2021-06\eclipse\configuration\org.eclipse.osgi\728\0\.cp\jacocoagent.jar=includes=*,excludes=,exclclassloader=sun.reflect.DelegatingClassLoader,output=tcpclient,port=51091 -Dfile.encoding=Cp1252 --module-path=C:\Users\xorca\eclipse-workspace\Tic-Tac-Toe\bin -XX:+ShowCodeDetailsInExceptionMessages -Djdk.module.main=Model 
java_command: Model/Game.Start
java_class_path (initial): <not set>
Launcher Type: SUN_STANDARD

[Global flags]
     intx CICompilerCount                          = 4                                         {product} {ergonomic}
     uint ConcGCThreads                            = 3                                         {product} {ergonomic}
     uint G1ConcRefinementThreads                  = 10                                        {product} {ergonomic}
   size_t G1HeapRegionSize                         = 2097152                                   {product} {ergonomic}
    uintx GCDrainStackTargetSize                   = 64                                        {product} {ergonomic}
   size_t InitialHeapSize                          = 266338304                                 {product} {ergonomic}
   size_t MarkStackSize                            = 4194304                                   {product} {ergonomic}
   size_t MaxHeapSize                              = 4248829952                                {product} {ergonomic}
   size_t MinHeapDeltaBytes                        = 2097152                                   {product} {ergonomic}
   size_t MinHeapSize                              = 8388608                                   {product} {ergonomic}
    uintx NonNMethodCodeHeapSize                   = 5839372                                {pd product} {ergonomic}
    uintx NonProfiledCodeHeapSize                  = 122909434                              {pd product} {ergonomic}
    uintx ProfiledCodeHeapSize                     = 122909434                              {pd product} {ergonomic}
    uintx ReservedCodeCacheSize                    = 251658240                              {pd product} {ergonomic}
     bool SegmentedCodeCache                       = true                                      {product} {ergonomic}
     bool ShowCodeDetailsInExceptionMessages       = true                                   {manageable} {command line}
   size_t SoftMaxHeapSize                          = 4248829952                             {manageable} {ergonomic}
     bool UseCompressedClassPointers               = true                           {product lp64_product} {ergonomic}
     bool UseCompressedOops                        = true                           {product lp64_product} {ergonomic}
     bool UseG1GC                                  = true                                      {product} {ergonomic}
     bool UseLargePagesIndividualAllocation        = false                                  {pd product} {ergonomic}

Logging:
Log output configuration:
 #0: stdout all=warning uptime,level,tags
 #1: stderr all=off uptime,level,tags

Environment Variables:
JAVA_HOME=C:\Program Files\Java\jdk-16.0.2
PATH=C:/Users/xorca/.p2/pool/plugins/org.eclipse.justj.openjdk.hotspot.jre.full.win32.x86_64_16.0.1.v20210528-1205/jre/bin/server;C:/Users/xorca/.p2/pool/plugins/org.eclipse.justj.openjdk.hotspot.jre.full.win32.x86_64_16.0.1.v20210528-1205/jre/bin;C:\Program Files (x86)\Razer Chroma SDK\bin;C:\Program Files\Razer Chroma SDK\bin;C:\Program Files (x86)\Razer\ChromaBroadcast\bin;C:\Program Files\Razer\ChromaBroadcast\bin;C:\Program Files\Common Files\Oracle\Java\javapath;C:\Program Files\AdoptOpenJDK\jdk-11.0.11.9-hotspot\bin;C:\Windows\system32;C:\Windows;C:\Windows\System32\Wbem;C:\Windows\System32\WindowsPowerShell\v1.0\;C:\Windows\System32\OpenSSH\;C:\Program Files (x86)\NVIDIA Corporation\PhysX\Common;C:\Program Files\NVIDIA Corporation\NVIDIA NvDLISR;C:\WINDOWS\system32;C:\WINDOWS;C:\WINDOWS\System32\Wbem;C:\WINDOWS\System32\WindowsPowerShell\v1.0\;C:\WINDOWS\System32\OpenSSH\;C:\Program Files\dotnet\;C:\Program Files\Java\jdk-16.0.2\bin;C:\Program Files\Git\cmd;C:\WINDOWS\system32\config\systemprofile\AppData\Local\Microsoft\WindowsApps;C:\Program Files\PostgreSQL\14\bin;C:\Program Files\PostgreSQL\14\lib;C:\Maven\apache-maven-3.8.6\bin;C:\Program Files\nodejs\;C:\Users\xorca\AppData\Local\Microsoft\WindowsApps;C:\Users\xorca\AppData\Local\Programs\Microsoft VS Code\bin;C:\Users\xorca\AppData\Local\GitHubDesktop\bin;C:\Users\xorca\AppData\Roaming\npm;C:\Program Files\JetBrains\IntelliJ IDEA Community Edition 2022.1.3\bin;;C:\Users\xorca\eclipse\java-2021-06\eclipse;
USERNAME=xorca
OS=Windows_NT
PROCESSOR_IDENTIFIER=Intel64 Family 6 Model 165 Stepping 2, GenuineIntel



---------------  S Y S T E M  ---------------

OS:
 Windows 10 , 64 bit Build 22000 (10.0.22000.708)
OS uptime: 11 days 13:40 hours

CPU: total 12 (initial active 12) (6 cores per cpu, 2 threads per core) family 6 model 165 stepping 2 microcode 0xe0, cx8, cmov, fxsr, ht, mmx, 3dnowpref, sse, sse2, sse3, ssse3, sse4.1, sse4.2, popcnt, lzcnt, tsc, tscinvbit, avx, avx2, aes, erms, clmul, bmi1, bmi2, adx, fma, vzeroupper, clflush, clflushopt

Memory: 4k page, system-wide physical 16204M (3307M free)
TotalPageFile size 65356M (AvailPageFile size 62M)
current process WorkingSet (physical memory assigned to process): 11M, peak: 11M
current process commit charge ("private bytes"): 64M, peak: 318M

vm_info: OpenJDK 64-Bit Server VM (16.0.1+9-24) for windows-amd64 JRE (16.0.1+9-24), built on Mar 26 2021 19:30:07 by "mach5one" with MS VC++ 16.7 (VS2019)

END.
